[2026-04-03 01:11:15] 开始执行贴吧签到...
[2026-04-03 01:11:15] 获取帖子列表...
[2026-04-03 01:11:16] 找到 10 个帖子，开始签到...
[2026-04-03 01:11:16] 正在签到帖子 10606946228...
[2026-04-03 01:11:17] 帖子 10606946228 签到成功
[2026-04-03 01:11:18] 正在签到帖子 10609333726...
[2026-04-03 01:11:18] 帖子 10609333726 签到成功
[2026-04-03 01:11:19] 正在签到帖子 10609338277...
[2026-04-03 01:11:19] 帖子 10609338277 签到成功
[2026-04-03 01:11:20] 正在签到帖子 10608966640...
[2026-04-03 01:11:21] 帖子 10608966640 签到成功
[2026-04-03 01:11:22] 正在签到帖子 10609251316...
[2026-04-03 01:11:22] 帖子 10609251316 签到成功
[2026-04-03 01:11:23] 正在签到帖子 10606568958...
[2026-04-03 01:11:24] 帖子 10606568958 签到成功
[2026-04-03 01:11:25] 正在签到帖子 10609041167...
[2026-04-03 01:11:25] 帖子 10609041167 签到成功
[2026-04-03 01:11:26] 正在签到帖子 10608757440...
[2026-04-03 01:11:26] 帖子 10608757440 签到成功
[2026-04-03 01:11:27] 正在签到帖子 10607269223...
[2026-04-03 01:11:28] 帖子 10607269223 签到成功
[2026-04-03 01:11:29] 正在签到帖子 10609289829...
[2026-04-03 01:11:29] 帖子 10609289829 签到成功
[2026-04-03 01:11:30] 签到完成
[2026-04-03 01:11:30] 自动签到任务执行成功
